#
# A fatal error has been detected by the Java Runtime Environment:
#
#  EXCEPTION_ACCESS_VIOLATION (0xc0000005) at pc=0x000000006127b8bd, pid=4904, tid=4624
#
# JRE version: Java(TM) SE Runtime Environment (8.0_66-b17) (build 1.8.0_66-b17)
# Java VM: Java HotSpot(TM) 64-Bit Server VM (25.66-b17 mixed mode windows-amd64 compressed oops)
# Problematic frame:
# V  [jvm.dll+0x50b8bd]
#
# Failed to write core dump. Minidumps are not enabled by default on client versions of Windows
#
# If you would like to submit a bug report, please visit:
#   http://bugreport.java.com/bugreport/crash.jsp
#

---------------  T H R E A D  ---------------

Current thread (0x0000000054ed2000):  JavaThread "C2 CompilerThread0" daemon [_thread_in_native, id=4624, stack(0x0000000055f50000,0x0000000056050000)]

siginfo: ExceptionCode=0xc0000005, reading address 0x000000000000004c

Registers:
RAX=0x0000000000000000, RBX=0x00000000000000e0, RCX=0x000000000000025c, RDX=0x0000000000000000
RSP=0x000000005604c1f0, RBP=0x000000005604c2f0, RSI=0x0000000057dbbd20, RDI=0x0000000057862060
R8 =0x0000000000000007, R9 =0x0000000000000007, R10=0x0000000000000002, R11=0x00000000000001a8
R12=0x0000000000000000, R13=0x000000005604c800, R14=0x00000000569f7600, R15=0xffffffffa879dfa0
RIP=0x000000006127b8bd, EFLAGS=0x0000000000010202

Top of Stack: (sp=0x000000005604c1f0)
0x000000005604c1f0:   0000000000000001 000000005604c2f0
0x000000005604c200:   0000000000000000 000000005604c2f0
0x000000005604c210:   0000000000000002 0000000000000b32
0x000000005604c220:   00000000579b7d01 000000005604c300
0x000000005604c230:   000000005604c430 000000000000001f
0x000000005604c240:   0000000000000013 00000000569f76e0
0x000000005604c250:   0000000000000005 0000000000000005
0x000000005604c260:   00000000578623b0 000000050000006a
0x000000005604c270:   00000a0600000000 000000005604c5c0
0x000000005604c280:   000000000000000f 000000005802d830
0x000000005604c290:   0000000000000000 00000a060000006a
0x000000005604c2a0:   000000005604c5c0 000000000000000f
0x000000005604c2b0:   000000005802b010 0000000000000002
0x000000005604c2c0:   0000000057862060 0000000054effd60
0x000000005604c2d0:   ffffffffa879dfa0 00000000000003d8
0x000000005604c2e0:   0000000054f00138 0000000054effd50 

Instructions: (pc=0x000000006127b8bd)
0x000000006127b89d:   40 48 45 32 ed 45 32 f6 48 8b 70 68 e8 52 06 f4
0x000000006127b8ad:   ff 49 8d 14 3f 8b 48 28 48 89 55 18 48 8b 04 ce
0x000000006127b8bd:   8b 48 4c 48 8b 45 60 48 8b 04 c8 48 8b 1c 02 48
0x000000006127b8cd:   8b 45 58 48 8b 04 c8 48 8b 4c 24 58 4c 8b fb 41 


Register to memory mapping:

RAX=0x0000000000000000 is an unknown value
RBX=0x00000000000000e0 is an unknown value
RCX=0x000000000000025c is an unknown value
RDX=0x0000000000000000 is an unknown value
RSP=0x000000005604c1f0 is pointing into the stack for thread: 0x0000000054ed2000
RBP=0x000000005604c2f0 is pointing into the stack for thread: 0x0000000054ed2000
RSI=0x0000000057dbbd20 is an unknown value
RDI=0x0000000057862060 is an unknown value
R8 =0x0000000000000007 is an unknown value
R9 =0x0000000000000007 is an unknown value
R10=0x0000000000000002 is an unknown value
R11=0x00000000000001a8 is an unknown value
R12=0x0000000000000000 is an unknown value
R13=0x000000005604c800 is pointing into the stack for thread: 0x0000000054ed2000
R14=0x00000000569f7600 is an unknown value
R15=0xffffffffa879dfa0 is an unknown value


Stack: [0x0000000055f50000,0x0000000056050000],  sp=0x000000005604c1f0,  free space=1008k
Native frames: (J=compiled Java code, j=interpreted, Vv=VM code, C=native code)
V  [jvm.dll+0x50b8bd]
V  [jvm.dll+0x462426]
V  [jvm.dll+0x46d55b]
V  [jvm.dll+0x46fb72]
V  [jvm.dll+0x452d12]
V  [jvm.dll+0xa4912]
V  [jvm.dll+0xa524f]
V  [jvm.dll+0x243274]
V  [jvm.dll+0x29a0fa]
C  [msvcr100.dll+0x21d9f]
C  [msvcr100.dll+0x21e3b]
C  [kernel32.dll+0x159cd]
C  [ntdll.dll+0x2a561]


Current CompileTask:
C2:  14362 2863   !   4       java.net.URL::<init> (543 bytes)


---------------  P R O C E S S  ---------------

Java Threads: ( => current thread )
  0x0000000056f25800 JavaThread "restartedMain" [_thread_in_native, id=4764, stack(0x00000000573d0000,0x00000000574d0000)]
  0x0000000056f23000 JavaThread "Thread-0" [_thread_blocked, id=4356, stack(0x0000000057190000,0x0000000057290000)]
  0x00000000561d0800 JavaThread "Service Thread" daemon [_thread_blocked, id=4544, stack(0x0000000056630000,0x0000000056730000)]
  0x0000000054ed9800 JavaThread "C1 CompilerThread1" daemon [_thread_blocked, id=4276, stack(0x00000000560b0000,0x00000000561b0000)]
=>0x0000000054ed2000 JavaThread "C2 CompilerThread0" daemon [_thread_in_native, id=4624, stack(0x0000000055f50000,0x0000000056050000)]
  0x0000000054ecf800 JavaThread "Attach Listener" daemon [_thread_blocked, id=640, stack(0x0000000055a40000,0x0000000055b40000)]
  0x0000000054ece800 JavaThread "Signal Dispatcher" daemon [_thread_blocked, id=4416, stack(0x0000000055d90000,0x0000000055e90000)]
  0x0000000054e6b800 JavaThread "Finalizer" daemon [_thread_blocked, id=4248, stack(0x0000000055b60000,0x0000000055c60000)]
  0x0000000054e68000 JavaThread "Reference Handler" daemon [_thread_blocked, id=3944, stack(0x00000000558b0000,0x00000000559b0000)]
  0x0000000002053000 JavaThread "main" [_thread_blocked, id=4556, stack(0x0000000002500000,0x0000000002600000)]

Other Threads:
  0x0000000054e62000 VMThread [stack: 0x00000000556d0000,0x00000000557d0000] [id=4504]
  0x00000000561d4800 WatcherThread [stack: 0x0000000056880000,0x0000000056980000] [id=4740]

VM state:not at safepoint (normal execution)

VM Mutex/Monitor currently owned by a thread: None

Heap:
 PSYoungGen      total 141312K, used 71416K [0x00000000eab80000, 0x00000000f8f80000, 0x0000000100000000)
  eden space 131072K, 50% used [0x00000000eab80000,0x00000000eeba4a10,0x00000000f2b80000)
  from space 10240K, 55% used [0x00000000f2b80000,0x00000000f3119728,0x00000000f3580000)
  to   space 9728K, 0% used [0x00000000f8600000,0x00000000f8600000,0x00000000f8f80000)
 ParOldGen       total 39424K, used 10153K [0x00000000c0200000, 0x00000000c2880000, 0x00000000eab80000)
  object space 39424K, 25% used [0x00000000c0200000,0x00000000c0bea578,0x00000000c2880000)
 Metaspace       used 27406K, capacity 27702K, committed 28032K, reserved 1073152K
  class space    used 3348K, capacity 3451K, committed 3456K, reserved 1048576K

Card table byte_map: [0x0000000011c90000,0x0000000011e90000] byte_map_base: 0x000000001168f000

Marking Bits: (ParMarkBitMap*) 0x000000006157a5b0
 Begin Bits: [0x0000000012340000, 0x0000000013338000)
 End Bits:   [0x0000000013338000, 0x0000000014330000)

Polling page: 0x0000000000350000

CodeCache: size=245760Kb used=9925Kb max_used=9930Kb free=235835Kb
 bounds [0x00000000028d0000, 0x0000000003290000, 0x00000000118d0000]
 total_blobs=3046 nmethods=2666 adapters=294
 compilation: enabled

Compilation events (10 events):
Event: 13.965 Thread 0x0000000054ed2000 nmethod 2858 0x00000000032868d0 code [0x0000000003286a40, 0x0000000003287158]
Event: 13.965 Thread 0x0000000054ed2000 2862   !   4       java.util.concurrent.ConcurrentHashMap::putVal (362 bytes)
Event: 13.993 Thread 0x0000000054ed2000 nmethod 2862 0x0000000003283bd0 code [0x0000000003283da0, 0x00000000032849f0]
Event: 13.993 Thread 0x0000000054ed2000 2863   !   4       java.net.URL::<init> (543 bytes)
Event: 14.027 Thread 0x0000000054ed9800 2864       3       java.util.logging.LogManager::getProperty (9 bytes)
Event: 14.027 Thread 0x0000000054ed9800 nmethod 2864 0x0000000003283790 code [0x0000000003283900, 0x0000000003283b28]
Event: 14.048 Thread 0x0000000054ed9800 2865   !   3       java.net.URLClassLoader::getResourceAsStream (137 bytes)
Event: 14.049 Thread 0x0000000054ed9800 nmethod 2865 0x0000000003288410 code [0x0000000003288640, 0x0000000003289648]
Event: 14.095 Thread 0x0000000054ed9800 2868       1       java.util.ResourceBundle$CacheKey::getName (5 bytes)
Event: 14.095 Thread 0x0000000054ed9800 nmethod 2868 0x000000000327dad0 code [0x000000000327dc20, 0x000000000327dd30]

GC Heap History (10 events):
Event: 4.847 GC heap before
{Heap before GC invocations=4 (full 0):
 PSYoungGen      total 35328K, used 35300K [0x00000000eab80000, 0x00000000ef080000, 0x0000000100000000)
  eden space 32768K, 100% used [0x00000000eab80000,0x00000000ecb80000,0x00000000ecb80000)
  from space 2560K, 98% used [0x00000000ecb80000,0x00000000ecdf9278,0x00000000ece00000)
  to   space 2560K, 0% used [0x00000000eee00000,0x00000000eee00000,0x00000000ef080000)
 ParOldGen       total 44032K, used 1400K [0x00000000c0200000, 0x00000000c2d00000, 0x00000000eab80000)
  object space 44032K, 3% used [0x00000000c0200000,0x00000000c035e288,0x00000000c2d00000)
 Metaspace       used 12996K, capacity 13136K, committed 13440K, reserved 1060864K
  class space    used 1550K, capacity 1589K, committed 1664K, reserved 1048576K
Event: 4.891 GC heap after
Heap after GC invocations=4 (full 0):
 PSYoungGen      total 68096K, used 2560K [0x00000000eab80000, 0x00000000ef080000, 0x0000000100000000)
  eden space 65536K, 0% used [0x00000000eab80000,0x00000000eab80000,0x00000000eeb80000)
  from space 2560K, 100% used [0x00000000eee00000,0x00000000ef080000,0x00000000ef080000)
  to   space 2560K, 0% used [0x00000000eeb80000,0x00000000eeb80000,0x00000000eee00000)
 ParOldGen       total 44032K, used 5384K [0x00000000c0200000, 0x00000000c2d00000, 0x00000000eab80000)
  object space 44032K, 12% used [0x00000000c0200000,0x00000000c07421f0,0x00000000c2d00000)
 Metaspace       used 12996K, capacity 13136K, committed 13440K, reserved 1060864K
  class space    used 1550K, capacity 1589K, committed 1664K, reserved 1048576K
}
Event: 7.444 GC heap before
{Heap before GC invocations=5 (full 0):
 PSYoungGen      total 68096K, used 68096K [0x00000000eab80000, 0x00000000ef080000, 0x0000000100000000)
  eden space 65536K, 100% used [0x00000000eab80000,0x00000000eeb80000,0x00000000eeb80000)
  from space 2560K, 100% used [0x00000000eee00000,0x00000000ef080000,0x00000000ef080000)
  to   space 2560K, 0% used [0x00000000eeb80000,0x00000000eeb80000,0x00000000eee00000)
 ParOldGen       total 44032K, used 5384K [0x00000000c0200000, 0x00000000c2d00000, 0x00000000eab80000)
  object space 44032K, 12% used [0x00000000c0200000,0x00000000c07421f0,0x00000000c2d00000)
 Metaspace       used 20646K, capacity 20866K, committed 21120K, reserved 1067008K
  class space    used 2471K, capacity 2563K, committed 2688K, reserved 1048576K
Event: 7.542 GC heap after
Heap after GC invocations=5 (full 0):
 PSYoungGen      total 68096K, used 2528K [0x00000000eab80000, 0x00000000f4080000, 0x0000000100000000)
  eden space 65536K, 0% used [0x00000000eab80000,0x00000000eab80000,0x00000000eeb80000)
  from space 2560K, 98% used [0x00000000eeb80000,0x00000000eedf8020,0x00000000eee00000)
  to   space 10752K, 0% used [0x00000000f3600000,0x00000000f3600000,0x00000000f4080000)
 ParOldGen       total 44032K, used 12421K [0x00000000c0200000, 0x00000000c2d00000, 0x00000000eab80000)
  object space 44032K, 28% used [0x00000000c0200000,0x00000000c0e21780,0x00000000c2d00000)
 Metaspace       used 20646K, capacity 20866K, committed 21120K, reserved 1067008K
  class space    used 2471K, capacity 2563K, committed 2688K, reserved 1048576K
}
Event: 7.807 GC heap before
{Heap before GC invocations=6 (full 0):
 PSYoungGen      total 68096K, used 12366K [0x00000000eab80000, 0x00000000f4080000, 0x0000000100000000)
  eden space 65536K, 15% used [0x00000000eab80000,0x00000000eb51b930,0x00000000eeb80000)
  from space 2560K, 98% used [0x00000000eeb80000,0x00000000eedf8020,0x00000000eee00000)
  to   space 10752K, 0% used [0x00000000f3600000,0x00000000f3600000,0x00000000f4080000)
 ParOldGen       total 44032K, used 12421K [0x00000000c0200000, 0x00000000c2d00000, 0x00000000eab80000)
  object space 44032K, 28% used [0x00000000c0200000,0x00000000c0e21780,0x00000000c2d00000)
 Metaspace       used 20832K, capacity 21064K, committed 21296K, reserved 1069056K
  class space    used 2484K, capacity 2564K, committed 2688K, reserved 1048576K
Event: 7.827 GC heap after
Heap after GC invocations=6 (full 0):
 PSYoungGen      total 140800K, used 3027K [0x00000000eab80000, 0x00000000f3f80000, 0x0000000100000000)
  eden space 131072K, 0% used [0x00000000eab80000,0x00000000eab80000,0x00000000f2b80000)
  from space 9728K, 31% used [0x00000000f3600000,0x00000000f38f4df0,0x00000000f3f80000)
  to   space 10240K, 0% used [0x00000000f2b80000,0x00000000f2b80000,0x00000000f3580000)
 ParOldGen       total 44032K, used 12421K [0x00000000c0200000, 0x00000000c2d00000, 0x00000000eab80000)
  object space 44032K, 28% used [0x00000000c0200000,0x00000000c0e21780,0x00000000c2d00000)
 Metaspace       used 20832K, capacity 21064K, committed 21296K, reserved 1069056K
  class space    used 2484K, capacity 2564K, committed 2688K, reserved 1048576K
}
Event: 7.827 GC heap before
{Heap before GC invocations=7 (full 1):
 PSYoungGen      total 140800K, used 3027K [0x00000000eab80000, 0x00000000f3f80000, 0x0000000100000000)
  eden space 131072K, 0% used [0x00000000eab80000,0x00000000eab80000,0x00000000f2b80000)
  from space 9728K, 31% used [0x00000000f3600000,0x00000000f38f4df0,0x00000000f3f80000)
  to   space 10240K, 0% used [0x00000000f2b80000,0x00000000f2b80000,0x00000000f3580000)
 ParOldGen       total 44032K, used 12421K [0x00000000c0200000, 0x00000000c2d00000, 0x00000000eab80000)
  object space 44032K, 28% used [0x00000000c0200000,0x00000000c0e21780,0x00000000c2d00000)
 Metaspace       used 20832K, capacity 21064K, committed 21296K, reserved 1069056K
  class space    used 2484K, capacity 2564K, committed 2688K, reserved 1048576K
Event: 8.063 GC heap after
Heap after GC invocations=7 (full 1):
 PSYoungGen      total 140800K, used 0K [0x00000000eab80000, 0x00000000f3f80000, 0x0000000100000000)
  eden space 131072K, 0% used [0x00000000eab80000,0x00000000eab80000,0x00000000f2b80000)
  from space 9728K, 0% used [0x00000000f3600000,0x00000000f3600000,0x00000000f3f80000)
  to   space 10240K, 0% used [0x00000000f2b80000,0x00000000f2b80000,0x00000000f3580000)
 ParOldGen       total 39424K, used 10153K [0x00000000c0200000, 0x00000000c2880000, 0x00000000eab80000)
  object space 39424K, 25% used [0x00000000c0200000,0x00000000c0bea578,0x00000000c2880000)
 Metaspace       used 20832K, capacity 21064K, committed 21296K, reserved 1069056K
  class space    used 2484K, capacity 2564K, committed 2688K, reserved 1048576K
}
Event: 11.814 GC heap before
{Heap before GC invocations=8 (full 1):
 PSYoungGen      total 140800K, used 131072K [0x00000000eab80000, 0x00000000f3f80000, 0x0000000100000000)
  eden space 131072K, 100% used [0x00000000eab80000,0x00000000f2b80000,0x00000000f2b80000)
  from space 9728K, 0% used [0x00000000f3600000,0x00000000f3600000,0x00000000f3f80000)
  to   space 10240K, 0% used [0x00000000f2b80000,0x00000000f2b80000,0x00000000f3580000)
 ParOldGen       total 39424K, used 10153K [0x00000000c0200000, 0x00000000c2880000, 0x00000000eab80000)
  object space 39424K, 25% used [0x00000000c0200000,0x00000000c0bea578,0x00000000c2880000)
 Metaspace       used 24132K, capacity 24468K, committed 24576K, reserved 1071104K
  class space    used 2911K, capacity 3024K, committed 3072K, reserved 1048576K
Event: 11.852 GC heap after
Heap after GC invocations=8 (full 1):
 PSYoungGen      total 141312K, used 5733K [0x00000000eab80000, 0x00000000f8f80000, 0x0000000100000000)
  eden space 131072K, 0% used [0x00000000eab80000,0x00000000eab80000,0x00000000f2b80000)
  from space 10240K, 55% used [0x00000000f2b80000,0x00000000f3119728,0x00000000f3580000)
  to   space 9728K, 0% used [0x00000000f8600000,0x00000000f8600000,0x00000000f8f80000)
 ParOldGen       total 39424K, used 10153K [0x00000000c0200000, 0x00000000c2880000, 0x00000000eab80000)
  object space 39424K, 25% used [0x00000000c0200000,0x00000000c0bea578,0x00000000c2880000)
 Metaspace       used 24132K, capacity 24468K, committed 24576K, reserved 1071104K
  class space    used 2911K, capacity 3024K, committed 3072K, reserved 1048576K
}

Deoptimization events (10 events):
Event: 12.902 Thread 0x0000000056f25800 Uncommon trap: reason=unstable_if action=reinterpret pc=0x0000000002a2e768 method=org.springframework.asm.Type.getArgumentsAndReturnSizes(Ljava/lang/String;)I @ 88
Event: 13.140 Thread 0x0000000056f25800 Uncommon trap: reason=unstable_if action=reinterpret pc=0x00000000030a4480 method=java.util.concurrent.ConcurrentHashMap.get(Ljava/lang/Object;)Ljava/lang/Object; @ 76
Event: 13.140 Thread 0x0000000056f25800 Uncommon trap: reason=bimorphic action=maybe_recompile pc=0x00000000031f03ac method=java.util.concurrent.ConcurrentHashMap.putVal(Ljava/lang/Object;Ljava/lang/Object;Z)Ljava/lang/Object; @ 192
Event: 13.318 Thread 0x0000000056f25800 Uncommon trap: reason=unstable_if action=reinterpret pc=0x0000000002bbd2b8 method=org.springframework.boot.bind.DefaultPropertyNamePatternsMatcher.matches(Ljava/lang/String;)Z @ 112
Event: 13.344 Thread 0x0000000056f25800 Uncommon trap: reason=bimorphic action=maybe_recompile pc=0x00000000031f03ac method=java.util.concurrent.ConcurrentHashMap.putVal(Ljava/lang/Object;Ljava/lang/Object;Z)Ljava/lang/Object; @ 192
Event: 13.500 Thread 0x0000000056f25800 Uncommon trap: reason=bimorphic action=maybe_recompile pc=0x00000000031f03ac method=java.util.concurrent.ConcurrentHashMap.putVal(Ljava/lang/Object;Ljava/lang/Object;Z)Ljava/lang/Object; @ 192
Event: 13.502 Thread 0x0000000056f25800 Uncommon trap: reason=bimorphic action=maybe_recompile pc=0x00000000031f03ac method=java.util.concurrent.ConcurrentHashMap.putVal(Ljava/lang/Object;Ljava/lang/Object;Z)Ljava/lang/Object; @ 192
Event: 13.524 Thread 0x0000000056f25800 Uncommon trap: reason=class_check action=maybe_recompile pc=0x0000000003254984 method=java.util.AbstractList$Itr.hasNext()Z @ 8
Event: 13.959 Thread 0x0000000056f25800 Uncommon trap: reason=unstable_if action=reinterpret pc=0x0000000003076d24 method=java.util.LinkedHashMap.get(Ljava/lang/Object;)Ljava/lang/Object; @ 20
Event: 13.959 Thread 0x0000000056f25800 Uncommon trap: reason=unstable_if action=reinterpret pc=0x0000000002a0eb48 method=java.util.LinkedHashMap.afterNodeAccess(Ljava/util/HashMap$Node;)V @ 4

Internal exceptions (10 events):
Event: 13.441 Thread 0x0000000056f25800 Exception <a 'java/lang/ClassNotFoundException': org/springframework/boot/autoconfigure/web/ErrorViewResolverCustomizer> (0x00000000ee277950) thrown at [C:\re\workspace\8-2-build-windows-amd64-cygwin\jdk8u66\4988\hotspot\src\share\vm\classfile\systemDictio›niŒÆ‚*@
Event: 13.443 Thread 0x0000000056f25800 Exception <a 'java/lang/ClassNotFoundException': org/springframework/core/OrderedCustomizer> (0x00000000ee28eff8) thrown at [C:\re\workspace\8-2-build-windows-amd64-cygwin\jdk8u66\4988\hotspot\src\share\vm\classfile\systemDictionary.cpp, line 210]
Event: 13.466 Thread 0x0000000056f25800 Exception <a 'java/lang/ClassNotFoundException': java/lang/ObjectCustomizer> (0x00000000ee37ed50) thrown at [C:\re\workspace\8-2-build-windows-amd64-cygwin\jdk8u66\4988\hotspot\src\share\vm\classfile\systemDictionary.cpp, line 210]
Event: 13.468 Thread 0x0000000056f25800 Exception <a 'java/lang/ClassNotFoundException': org/springframework/boot/autoconfigure/web/ErrorMvcAutoConfigurationCustomizer> (0x00000000ee39f008) thrown at [C:\re\workspace\8-2-build-windows-amd64-cygwin\jdk8u66\4988\hotspot\src\share\vm\classfile\syst7Ä⁄Ù.*@
Event: 13.469 Thread 0x0000000056f25800 Exception <a 'java/lang/ClassNotFoundException': org/springframework/boot/autoconfigure/web/ErrorMvcAutoConfiguration$$EnhancerBySpringCGLIB$$ffc8a949Customizer> (0x00000000ee3c6510) thrown at [C:\re\workspace\8-2-build-windows-amd64-cygwin\jdk8u66\4988\hoçâ"˙œÒ*@
Event: 13.472 Thread 0x0000000056f25800 Exception <a 'java/lang/ClassNotFoundException': org/springframework/context/annotation/ConfigurationClassEnhancer$EnhancedConfigurationCustomizer> (0x00000000ee3f0cd0) thrown at [C:\re\workspace\8-2-build-windows-amd64-cygwin\jdk8u66\4988\hotspot\src\sharrû8§∫˚*@
Event: 13.492 Thread 0x0000000056f25800 Exception <a 'java/lang/ClassNotFoundException': java/lang/ObjectCustomizer> (0x00000000ee4ac9d8) thrown at [C:\re\workspace\8-2-build-windows-amd64-cygwin\jdk8u66\4988\hotspot\src\share\vm\classfile\systemDictionary.cpp, line 210]
Event: 13.495 Thread 0x0000000056f25800 Exception <a 'java/lang/ClassNotFoundException': org/springframework/boot/autoconfigure/web/ErrorMvcAutoConfiguration$ErrorPageCustomizerCustomizer> (0x00000000ee4d0a78) thrown at [C:\re\workspace\8-2-build-windows-amd64-cygwin\jdk8u66\4988\hotspot\src\sha
Event: 13.496 Thread 0x0000000056f25800 Exception <a 'java/lang/ClassNotFoundException': org/springframework/boot/web/servlet/ErrorPageRegistrarCustomizer> (0x00000000ee4ee048) thrown at [C:\re\workspace\8-2-build-windows-amd64-cygwin\jdk8u66\4988\hotspot\src\share\vm\classfile\systemDictionary.ï£©}À˛*@
Event: 13.498 Thread 0x0000000056f25800 Exception <a 'java/lang/ClassNotFoundException': org/springframework/core/OrderedCustomizer> (0x00000000ee5025e0) thrown at [C:\re\workspace\8-2-build-windows-amd64-cygwin\jdk8u66\4988\hotspot\src\share\vm\classfile\systemDictionary.cpp, line 210]

Events (10 events):
Event: 14.274 loading class sun/nio/cs/MS1253 done
Event: 14.274 loading class sun/nio/cs/UTF_32BE
Event: 14.275 loading class sun/nio/cs/UTF_32BE done
Event: 14.275 loading class sun/nio/cs/MS1254
Event: 14.275 loading class sun/nio/cs/MS1254 done
Event: 14.275 loading class sun/nio/cs/MS1257
Event: 14.275 loading class sun/nio/cs/MS1257 done
Event: 14.276 loading class sun/nio/cs/ISO_8859_2
Event: 14.276 loading class sun/nio/cs/ISO_8859_2 done
Event: 14.277 loading class sun/nio/cs/ISO_8859_4


Dynamic libraries:
0x000000013f050000 - 0x000000013f087000 	C:\Program Files\Java\jdk1.8.0_66\bin\java.exe
0x0000000077550000 - 0x00000000776fa000 	C:\Windows\SYSTEM32\ntdll.dll
0x000007fef27b0000 - 0x000007fef27e3000 	C:\Program Files\AVAST Software\Avast\x64\aswhooka.dll
0x0000000077330000 - 0x000000007744f000 	C:\Windows\system32\kernel32.dll
0x000007fefd260000 - 0x000007fefd2ca000 	C:\Windows\system32\KERNELBASE.dll
0x000007fefe150000 - 0x000007fefe22b000 	C:\Windows\system32\ADVAPI32.dll
0x000007fefe230000 - 0x000007fefe2cf000 	C:\Windows\system32\msvcrt.dll
0x000007fefd710000 - 0x000007fefd72f000 	C:\Windows\SYSTEM32\sechost.dll
0x000007feff1a0000 - 0x000007feff2cd000 	C:\Windows\system32\RPCRT4.dll
0x0000000077450000 - 0x000000007754a000 	C:\Windows\system32\USER32.dll
0x000007fefd7d0000 - 0x000007fefd837000 	C:\Windows\system32\GDI32.dll
0x000007fefdf10000 - 0x000007fefdf1e000 	C:\Windows\system32\LPK.dll
0x000007fefe2e0000 - 0x000007fefe3ab000 	C:\Windows\system32\USP10.dll
0x000007fefbc60000 - 0x000007fefbe54000 	C:\Windows\WinSxS\amd64_microsoft.windows.common-controls_6595b64144ccf1df_6.0.7601.18837_none_fa3b1e3d17594757\COMCTL32.dll
0x000007fefd730000 - 0x000007fefd7a1000 	C:\Windows\system32\SHLWAPI.dll
0x000007fefdf20000 - 0x000007fefdf4e000 	C:\Windows\system32\IMM32.DLL
0x000007fefd600000 - 0x000007fefd709000 	C:\Windows\system32\MSCTF.dll
0x00000000624b0000 - 0x0000000062582000 	C:\Program Files\Java\jdk1.8.0_66\jre\bin\msvcr100.dll
0x0000000060d70000 - 0x00000000615f9000 	C:\Program Files\Java\jdk1.8.0_66\jre\bin\server\jvm.dll
0x000007fef2820000 - 0x000007fef2829000 	C:\Windows\system32\WSOCK32.dll
0x000007fefdb50000 - 0x000007fefdb9d000 	C:\Windows\system32\WS2_32.dll
0x000007fefe2d0000 - 0x000007fefe2d8000 	C:\Windows\system32\NSI.dll
0x000007fefaf20000 - 0x000007fefaf5b000 	C:\Windows\system32\WINMM.dll
0x000007fefc320000 - 0x000007fefc32c000 	C:\Windows\system32\VERSION.dll
0x0000000077720000 - 0x0000000077727000 	C:\Windows\system32\PSAPI.DLL
0x000000006dff0000 - 0x000000006dfff000 	C:\Program Files\Java\jdk1.8.0_66\jre\bin\verify.dll
0x000000006d0e0000 - 0x000000006d109000 	C:\Program Files\Java\jdk1.8.0_66\jre\bin\java.dll
0x000000006dfd0000 - 0x000000006dfe6000 	C:\Program Files\Java\jdk1.8.0_66\jre\bin\zip.dll
0x000007fefe410000 - 0x000007feff19b000 	C:\Windows\system32\SHELL32.dll
0x000007fefdf50000 - 0x000007fefe14c000 	C:\Windows\system32\ole32.dll
0x000007fefd240000 - 0x000007fefd24f000 	C:\Windows\system32\profapi.dll
0x000000006d090000 - 0x000000006d09d000 	C:\Program Files\Java\jdk1.8.0_66\jre\bin\management.dll
0x000000006d0c0000 - 0x000000006d0da000 	C:\Program Files\Java\jdk1.8.0_66\jre\bin\net.dll
0x000007fefc9d0000 - 0x000007fefca25000 	C:\Windows\system32\mswsock.dll
0x000007fefc9c0000 - 0x000007fefc9c7000 	C:\Windows\System32\wship6.dll
0x000007fefad80000 - 0x000007fefad95000 	C:\Windows\system32\NLAapi.dll
0x000007fef27f0000 - 0x000007fef2805000 	C:\Windows\system32\napinsp.dll
0x000007fef1f10000 - 0x000007fef1f29000 	C:\Windows\system32\pnrpnsp.dll
0x000007fefc850000 - 0x000007fefc8ab000 	C:\Windows\system32\DNSAPI.dll
0x000007fef27a0000 - 0x000007fef27ab000 	C:\Windows\System32\winrnr.dll
0x000007fefc3f0000 - 0x000007fefc3f7000 	C:\Windows\System32\wshtcpip.dll
0x000007fefab90000 - 0x000007fefabb7000 	C:\Windows\system32\IPHLPAPI.DLL
0x000007fefab80000 - 0x000007fefab8b000 	C:\Windows\system32\WINNSI.DLL
0x000007fef9260000 - 0x000007fef9268000 	C:\Windows\system32\rasadhlp.dll
0x000007fefaa20000 - 0x000007fefaa73000 	C:\Windows\System32\fwpuclnt.dll
0x000000006d0a0000 - 0x000000006d0b1000 	C:\Program Files\Java\jdk1.8.0_66\jre\bin\nio.dll
0x000007fefca30000 - 0x000007fefca48000 	C:\Windows\system32\CRYPTSP.dll
0x000007fefc730000 - 0x000007fefc777000 	C:\Windows\system32\rsaenh.dll
0x000007fefd320000 - 0x000007fefd33e000 	C:\Windows\system32\USERENV.dll
0x000007fefd0e0000 - 0x000007fefd0ef000 	C:\Windows\system32\CRYPTBASE.dll
0x000007fefa940000 - 0x000007fefa958000 	C:\Windows\system32\dhcpcsvc.DLL
0x000007fefa920000 - 0x000007fefa931000 	C:\Windows\system32\dhcpcsvc6.DLL
0x000007fef3350000 - 0x000007fef3475000 	C:\Windows\system32\dbghelp.dll

VM Arguments:
jvm_args: -Dfile.encoding=windows-1252 -Duser.country=US -Duser.language=en -Duser.variant 
java_command: org.launchcode.locinterestreporter.LocInterestReporterApplication
java_class_path (initial): C:\Users\Nick Abbott\lc101\unit3\loc-interest-reporter\src\main\resources;C:\Users\Nick Abbott\lc101\unit3\loc-interest-reporter\build\classes\main;C:\Users\Nick Abbott\lc101\unit3\loc-interest-reporter\build\resources\main;C:\Users\Nick Abbott\.gradle\caches\modules-2\files-2.1\org.springframework.boot\spring-boot-starter-data-jpa\1.5.6.RELEASE\d75804c399bfc78f5ae32a04696aeb71926a49b5\spring-boot-starter-data-jpa-1.5.6.RELEASE.jar;C:\Users\Nick Abbott\.gradle\caches\modules-2\files-2.1\org.springframework.boot\spring-boot-starter-thymeleaf\1.5.6.RELEASE\efa51e8d562c6d3c95906f77787d232649f7c730\spring-boot-starter-thymeleaf-1.5.6.RELEASE.jar;C:\Users\Nick Abbott\.gradle\caches\modules-2\files-2.1\org.springframework.boot\spring-boot-starter-web\1.5.6.RELEASE\6f47b0a9e7e39b46b9e66ebdd2bff1c7edee5930\spring-boot-starter-web-1.5.6.RELEASE.jar;C:\Users\Nick Abbott\.gradle\caches\modules-2\files-2.1\mysql\mysql-connector-java\5.1.43\dee9103eec0d877f3a21c82d4d9e9f4fbd2d6e0a\mysql-connector-java-5.1.43.jar;C:\Users\Nick Abbott\.gradle\caches\modules-2\files-2.1\org.springframework.boot\spring-boot-devtools\1.5.6.RELEASE\491de9b0131a4210de1ec449aad8366e2540f86\spring-boot-devtools-1.5.6.RELEASE.jar;C:\Users\Nick Abbott\.gradle\caches\modules-2\files-2.1\org.springframework.boot\spring-boot-starter\1.5.6.RELEASE\58c72d105fdf41f605c15c243b72300fa78cccd1\spring-boot-starter-1.5.6.RELEASE.jar;C:\Users\Nick Abbott\.gradle\caches\modules-2\files-2.1\org.springframework.boot\spring-boot-starter-aop\1.5.6.RELEASE\6a617e698827e5a123a4a0aa2192d3854908acbe\spring-boot-starter-aop-1.5.6.RELEASE.jar;C:\Users\Nick Abbott\.gradle\caches\modules-2\files-2.1\org.springframework.boot\spring-boot-starter-jdbc\1.5.6.RELEASE\a2628fded329869fcdb812d7524d03376f4f64ed\spring-boot-starter-jdbc-1.5.6.RELEASE.jar;C:\Users\Nick Abbott\.gradle\caches\modules-2\files-2.1\org.hibernate\hibernate-core\5.0.12.Final\e58bf1c660e6706d8e2cbb53bae110f574366102\hibernate-core-5.0.12.
Launcher Type: SUN_STANDARD

Environment Variables:
JAVA_HOME=C:\Program Files\Java\jdk1.8.0_66
PATH=C:\Program Files (x86)\Python36-32\Scripts\;C:\Program Files (x86)\Python36-32\;C:\ProgramData\Oracle\Java\javapath;C:\Windows\system32;C:\Windows;C:\Windows\System32\Wbem;C:\Windows\System32\WindowsPowerShell\v1.0\;C:\Program Files\nodejs\;C:\Program Files\Java\jdk1.7.0_75\bin;c:\Program Files (x86)\Microsoft SQL Server\100\Tools\Binn\;c:\Program Files\Microsoft SQL Server\100\Tools\Binn\;c:\Program Files\Microsoft SQL Server\100\DTS\Binn\;c:\Program Files (x86)\Microsoft SQL Server\100\Tools\Binn\VSShell\Common7\IDE\;c:\Program Files (x86)\Microsoft SQL Server\100\DTS\Binn\;C:\Program Files\TortoiseGit\bin;C:\Program Files (x86)\Brackets\command;C:\Program Files (x86)\Python36-32;C:\Python27;C:\Users\Nick Abbott\AppData\Roaming\npm;C:\Program Files (x86)\Google\google_appengine\
USERNAME=Nick Abbott
OS=Windows_NT
PROCESSOR_IDENTIFIER=Intel64 Family 6 Model 15 Stepping 13, GenuineIntel



---------------  S Y S T E M  ---------------

OS: Windows 7 , 64 bit Build 7601 (6.1.7601.23864)

CPU:total 2 (2 cores per cpu, 1 threads per core) family 6 model 15 stepping 13, cmov, cx8, fxsr, mmx, sse, sse2, sse3, ssse3, tsc

Memory: 4k page, physical 4184036k(1289620k free), swap 8366212k(4730256k free)

vm_info: Java HotSpot(TM) 64-Bit Server VM (25.66-b17) for windows-amd64 JRE (1.8.0_66-b17), built on Oct  6 2015 18:55:33 by "java_re" with MS VC++ 10.0 (VS2010)

time: Fri Oct 06 15:57:24 2017
elapsed time: 14 seconds (0d 0h 0m 14s)

